
*** Running vivado
    with args -log Control_Unit.vds -m64 -product Vivado -mode batch -messageDb vivado.pb -notrace -source Control_Unit.tcl



****** Vivado v2022.2 (64-bit)
  **** SW Build 3671981 on Fri Oct 14 05:00:03 MDT 2022
  **** IP Build 3669848 on Fri Oct 14 08:30:02 MDT 2022
    ** Copyright 1986-2022 Xilinx, Inc. All Rights Reserved.

source Control_Unit.tcl -notrace
create_project: Time (s): cpu = 00:00:06 ; elapsed = 00:00:18 . Memory (MB): peak = 386.121 ; gain = 128.055
Command: synth_design -top Control_Unit -part xc7a35tcpg236-1
Starting synth_design
Attempting to get a license for feature 'Synthesis' and/or device 'xc7a35t'
INFO: [Common 17-349] Got license for feature 'Synthesis' and/or device 'xc7a35t'
INFO: [Device 21-403] Loading part xc7a35tcpg236-1
INFO: [Synth 8-7079] Multithreading enabled for synth_design using a maximum of 2 processes.
INFO: [Synth 8-7078] Launching helper process for spawning children vivado processes
INFO: [Synth 8-7075] Helper process launched with PID 25196
INFO: [Synth 8-11241] undeclared symbol 'REGCCE', assumed default net type 'wire' [C:/Xilinx/Vivado/2022.2/data/verilog/src/unimacro/BRAM_SINGLE_MACRO.v:2170]
---------------------------------------------------------------------------------
Starting RTL Elaboration : Time (s): cpu = 00:00:07 ; elapsed = 00:00:10 . Memory (MB): peak = 1192.324 ; gain = 407.602
---------------------------------------------------------------------------------
INFO: [Synth 8-638] synthesizing module 'Control_Unit' [C:/Users/lewic/OneDrive/Documents/GitHub/VHDLproject/CONTENTMENT BUTTONS.srcs/sources_1/new/control_unit.v:34]
INFO: [Synth 8-3491] module 'Button_Debouncer' declared at 'C:/Users/lewic/OneDrive/Documents/GitHub/VHDLproject/CONTENTMENT BUTTONS.srcs/sources_1/new/button_debouncer.vhd:27' bound to instance 'btn_debouncer' of component 'Button_Debouncer' [C:/Users/lewic/OneDrive/Documents/GitHub/VHDLproject/CONTENTMENT BUTTONS.srcs/sources_1/new/control_unit.v:78]
INFO: [Synth 8-638] synthesizing module 'Button_Debouncer' [C:/Users/lewic/OneDrive/Documents/GitHub/VHDLproject/CONTENTMENT BUTTONS.srcs/sources_1/new/button_debouncer.vhd:36]
INFO: [Synth 8-256] done synthesizing module 'Button_Debouncer' (0#1) [C:/Users/lewic/OneDrive/Documents/GitHub/VHDLproject/CONTENTMENT BUTTONS.srcs/sources_1/new/button_debouncer.vhd:36]
INFO: [Synth 8-3491] module 'Counter' declared at 'C:/Users/lewic/OneDrive/Documents/GitHub/VHDLproject/CONTENTMENT BUTTONS.srcs/sources_1/new/counter.vhd:26' bound to instance 'ctr' of component 'Counter' [C:/Users/lewic/OneDrive/Documents/GitHub/VHDLproject/CONTENTMENT BUTTONS.srcs/sources_1/new/control_unit.v:86]
INFO: [Synth 8-638] synthesizing module 'Counter' [C:/Users/lewic/OneDrive/Documents/GitHub/VHDLproject/CONTENTMENT BUTTONS.srcs/sources_1/new/counter.vhd:36]
INFO: [Synth 8-256] done synthesizing module 'Counter' (0#1) [C:/Users/lewic/OneDrive/Documents/GitHub/VHDLproject/CONTENTMENT BUTTONS.srcs/sources_1/new/counter.vhd:36]
INFO: [Synth 8-3491] module 'Display' declared at 'C:/Users/lewic/OneDrive/Documents/GitHub/VHDLproject/CONTENTMENT BUTTONS.srcs/sources_1/new/display.vhd:27' bound to instance 'disp' of component 'Display' [C:/Users/lewic/OneDrive/Documents/GitHub/VHDLproject/CONTENTMENT BUTTONS.srcs/sources_1/new/control_unit.v:95]
INFO: [Synth 8-638] synthesizing module 'Display' [C:/Users/lewic/OneDrive/Documents/GitHub/VHDLproject/CONTENTMENT BUTTONS.srcs/sources_1/new/display.vhd:37]
INFO: [Synth 8-226] default block is never used [C:/Users/lewic/OneDrive/Documents/GitHub/VHDLproject/CONTENTMENT BUTTONS.srcs/sources_1/new/display.vhd:81]
INFO: [Synth 8-256] done synthesizing module 'Display' (0#1) [C:/Users/lewic/OneDrive/Documents/GitHub/VHDLproject/CONTENTMENT BUTTONS.srcs/sources_1/new/display.vhd:37]
INFO: [Synth 8-3491] module 'WarningLight' declared at 'C:/Users/lewic/OneDrive/Documents/GitHub/VHDLproject/CONTENTMENT BUTTONS.srcs/sources_1/new/warning_light.vhd:27' bound to instance 'w_light' of component 'WarningLight' [C:/Users/lewic/OneDrive/Documents/GitHub/VHDLproject/CONTENTMENT BUTTONS.srcs/sources_1/new/control_unit.v:104]
INFO: [Synth 8-638] synthesizing module 'WarningLight' [C:/Users/lewic/OneDrive/Documents/GitHub/VHDLproject/CONTENTMENT BUTTONS.srcs/sources_1/new/warning_light.vhd:36]
INFO: [Synth 8-256] done synthesizing module 'WarningLight' (0#1) [C:/Users/lewic/OneDrive/Documents/GitHub/VHDLproject/CONTENTMENT BUTTONS.srcs/sources_1/new/warning_light.vhd:36]
INFO: [Synth 8-256] done synthesizing module 'Control_Unit' (0#1) [C:/Users/lewic/OneDrive/Documents/GitHub/VHDLproject/CONTENTMENT BUTTONS.srcs/sources_1/new/control_unit.v:34]
WARNING: [Synth 8-3848] Net counter_values in module/entity Control_Unit does not have driver. [C:/Users/lewic/OneDrive/Documents/GitHub/VHDLproject/CONTENTMENT BUTTONS.srcs/sources_1/new/control_unit.v:72]
WARNING: [Synth 8-7129] Port counter_values[15] in module Control_Unit is either unconnected or has no load
WARNING: [Synth 8-7129] Port counter_values[14] in module Control_Unit is either unconnected or has no load
WARNING: [Synth 8-7129] Port counter_values[13] in module Control_Unit is either unconnected or has no load
WARNING: [Synth 8-7129] Port counter_values[12] in module Control_Unit is either unconnected or has no load
WARNING: [Synth 8-7129] Port counter_values[11] in module Control_Unit is either unconnected or has no load
WARNING: [Synth 8-7129] Port counter_values[10] in module Control_Unit is either unconnected or has no load
WARNING: [Synth 8-7129] Port counter_values[9] in module Control_Unit is either unconnected or has no load
WARNING: [Synth 8-7129] Port counter_values[8] in module Control_Unit is either unconnected or has no load
WARNING: [Synth 8-7129] Port counter_values[7] in module Control_Unit is either unconnected or has no load
WARNING: [Synth 8-7129] Port counter_values[6] in module Control_Unit is either unconnected or has no load
WARNING: [Synth 8-7129] Port counter_values[5] in module Control_Unit is either unconnected or has no load
WARNING: [Synth 8-7129] Port counter_values[4] in module Control_Unit is either unconnected or has no load
WARNING: [Synth 8-7129] Port counter_values[3] in module Control_Unit is either unconnected or has no load
WARNING: [Synth 8-7129] Port counter_values[2] in module Control_Unit is either unconnected or has no load
WARNING: [Synth 8-7129] Port counter_values[1] in module Control_Unit is either unconnected or has no load
WARNING: [Synth 8-7129] Port counter_values[0] in module Control_Unit is either unconnected or has no load
---------------------------------------------------------------------------------
Finished RTL Elaboration : Time (s): cpu = 00:00:09 ; elapsed = 00:00:13 . Memory (MB): peak = 1281.617 ; gain = 496.895
---------------------------------------------------------------------------------
---------------------------------------------------------------------------------
Start Handling Custom Attributes
---------------------------------------------------------------------------------
---------------------------------------------------------------------------------
Finished Handling Custom Attributes : Time (s): cpu = 00:00:09 ; elapsed = 00:00:13 . Memory (MB): peak = 1281.617 ; gain = 496.895
---------------------------------------------------------------------------------
---------------------------------------------------------------------------------
Finished RTL Optimization Phase 1 : Time (s): cpu = 00:00:09 ; elapsed = 00:00:13 . Memory (MB): peak = 1281.617 ; gain = 496.895
---------------------------------------------------------------------------------
Netlist sorting complete. Time (s): cpu = 00:00:00 ; elapsed = 00:00:00.002 . Memory (MB): peak = 1281.617 ; gain = 0.000
INFO: [Project 1-570] Preparing netlist for logic optimization

Processing XDC Constraints
Initializing timing engine
Parsing XDC File [C:/Users/lewic/Downloads/digilent-xdc/Basys-3-Master.xdc]
WARNING: [Vivado 12-584] No ports matched 'sw[0]'. [C:/Users/lewic/Downloads/digilent-xdc/Basys-3-Master.xdc:12]
CRITICAL WARNING: [Common 17-55] 'set_property' expects at least one object. [C:/Users/lewic/Downloads/digilent-xdc/Basys-3-Master.xdc:12]
Resolution: If [get_<value>] was used to populate the object, check to make sure this command returns at least one valid object.
WARNING: [Vivado 12-584] No ports matched 'sw[1]'. [C:/Users/lewic/Downloads/digilent-xdc/Basys-3-Master.xdc:13]
CRITICAL WARNING: [Common 17-55] 'set_property' expects at least one object. [C:/Users/lewic/Downloads/digilent-xdc/Basys-3-Master.xdc:13]
Resolution: If [get_<value>] was used to populate the object, check to make sure this command returns at least one valid object.
WARNING: [Vivado 12-584] No ports matched 'sw[2]'. [C:/Users/lewic/Downloads/digilent-xdc/Basys-3-Master.xdc:14]
CRITICAL WARNING: [Common 17-55] 'set_property' expects at least one object. [C:/Users/lewic/Downloads/digilent-xdc/Basys-3-Master.xdc:14]
Resolution: If [get_<value>] was used to populate the object, check to make sure this command returns at least one valid object.
WARNING: [Vivado 12-584] No ports matched 'sw[3]'. [C:/Users/lewic/Downloads/digilent-xdc/Basys-3-Master.xdc:15]
CRITICAL WARNING: [Common 17-55] 'set_property' expects at least one object. [C:/Users/lewic/Downloads/digilent-xdc/Basys-3-Master.xdc:15]
Resolution: If [get_<value>] was used to populate the object, check to make sure this command returns at least one valid object.
WARNING: [Vivado 12-584] No ports matched 'sw[4]'. [C:/Users/lewic/Downloads/digilent-xdc/Basys-3-Master.xdc:16]
CRITICAL WARNING: [Common 17-55] 'set_property' expects at least one object. [C:/Users/lewic/Downloads/digilent-xdc/Basys-3-Master.xdc:16]
Resolution: If [get_<value>] was used to populate the object, check to make sure this command returns at least one valid object.
WARNING: [Vivado 12-584] No ports matched 'sw[5]'. [C:/Users/lewic/Downloads/digilent-xdc/Basys-3-Master.xdc:17]
CRITICAL WARNING: [Common 17-55] 'set_property' expects at least one object. [C:/Users/lewic/Downloads/digilent-xdc/Basys-3-Master.xdc:17]
Resolution: If [get_<value>] was used to populate the object, check to make sure this command returns at least one valid object.
WARNING: [Vivado 12-584] No ports matched 'sw[6]'. [C:/Users/lewic/Downloads/digilent-xdc/Basys-3-Master.xdc:18]
CRITICAL WARNING: [Common 17-55] 'set_property' expects at least one object. [C:/Users/lewic/Downloads/digilent-xdc/Basys-3-Master.xdc:18]
Resolution: If [get_<value>] was used to populate the object, check to make sure this command returns at least one valid object.
WARNING: [Vivado 12-584] No ports matched 'sw[7]'. [C:/Users/lewic/Downloads/digilent-xdc/Basys-3-Master.xdc:19]
CRITICAL WARNING: [Common 17-55] 'set_property' expects at least one object. [C:/Users/lewic/Downloads/digilent-xdc/Basys-3-Master.xdc:19]
Resolution: If [get_<value>] was used to populate the object, check to make sure this command returns at least one valid object.
WARNING: [Vivado 12-584] No ports matched 'sw[8]'. [C:/Users/lewic/Downloads/digilent-xdc/Basys-3-Master.xdc:20]
CRITICAL WARNING: [Common 17-55] 'set_property' expects at least one object. [C:/Users/lewic/Downloads/digilent-xdc/Basys-3-Master.xdc:20]
Resolution: If [get_<value>] was used to populate the object, check to make sure this command returns at least one valid object.
WARNING: [Vivado 12-584] No ports matched 'sw[9]'. [C:/Users/lewic/Downloads/digilent-xdc/Basys-3-Master.xdc:21]
CRITICAL WARNING: [Common 17-55] 'set_property' expects at least one object. [C:/Users/lewic/Downloads/digilent-xdc/Basys-3-Master.xdc:21]
Resolution: If [get_<value>] was used to populate the object, check to make sure this command returns at least one valid object.
WARNING: [Vivado 12-584] No ports matched 'sw[10]'. [C:/Users/lewic/Downloads/digilent-xdc/Basys-3-Master.xdc:22]
CRITICAL WARNING: [Common 17-55] 'set_property' expects at least one object. [C:/Users/lewic/Downloads/digilent-xdc/Basys-3-Master.xdc:22]
Resolution: If [get_<value>] was used to populate the object, check to make sure this command returns at least one valid object.
WARNING: [Vivado 12-584] No ports matched 'sw[11]'. [C:/Users/lewic/Downloads/digilent-xdc/Basys-3-Master.xdc:23]
CRITICAL WARNING: [Common 17-55] 'set_property' expects at least one object. [C:/Users/lewic/Downloads/digilent-xdc/Basys-3-Master.xdc:23]
Resolution: If [get_<value>] was used to populate the object, check to make sure this command returns at least one valid object.
WARNING: [Vivado 12-584] No ports matched 'sw[12]'. [C:/Users/lewic/Downloads/digilent-xdc/Basys-3-Master.xdc:24]
CRITICAL WARNING: [Common 17-55] 'set_property' expects at least one object. [C:/Users/lewic/Downloads/digilent-xdc/Basys-3-Master.xdc:24]
Resolution: If [get_<value>] was used to populate the object, check to make sure this command returns at least one valid object.
WARNING: [Vivado 12-584] No ports matched 'sw[13]'. [C:/Users/lewic/Downloads/digilent-xdc/Basys-3-Master.xdc:25]
CRITICAL WARNING: [Common 17-55] 'set_property' expects at least one object. [C:/Users/lewic/Downloads/digilent-xdc/Basys-3-Master.xdc:25]
Resolution: If [get_<value>] was used to populate the object, check to make sure this command returns at least one valid object.
WARNING: [Vivado 12-584] No ports matched 'sw[14]'. [C:/Users/lewic/Downloads/digilent-xdc/Basys-3-Master.xdc:26]
CRITICAL WARNING: [Common 17-55] 'set_property' expects at least one object. [C:/Users/lewic/Downloads/digilent-xdc/Basys-3-Master.xdc:26]
Resolution: If [get_<value>] was used to populate the object, check to make sure this command returns at least one valid object.
WARNING: [Vivado 12-584] No ports matched 'sw[15]'. [C:/Users/lewic/Downloads/digilent-xdc/Basys-3-Master.xdc:27]
CRITICAL WARNING: [Common 17-55] 'set_property' expects at least one object. [C:/Users/lewic/Downloads/digilent-xdc/Basys-3-Master.xdc:27]
Resolution: If [get_<value>] was used to populate the object, check to make sure this command returns at least one valid object.
WARNING: [Vivado 12-584] No ports matched 'led[0]'. [C:/Users/lewic/Downloads/digilent-xdc/Basys-3-Master.xdc:31]
CRITICAL WARNING: [Common 17-55] 'set_property' expects at least one object. [C:/Users/lewic/Downloads/digilent-xdc/Basys-3-Master.xdc:31]
Resolution: If [get_<value>] was used to populate the object, check to make sure this command returns at least one valid object.
WARNING: [Vivado 12-584] No ports matched 'led[1]'. [C:/Users/lewic/Downloads/digilent-xdc/Basys-3-Master.xdc:32]
CRITICAL WARNING: [Common 17-55] 'set_property' expects at least one object. [C:/Users/lewic/Downloads/digilent-xdc/Basys-3-Master.xdc:32]
Resolution: If [get_<value>] was used to populate the object, check to make sure this command returns at least one valid object.
WARNING: [Vivado 12-584] No ports matched 'led[2]'. [C:/Users/lewic/Downloads/digilent-xdc/Basys-3-Master.xdc:33]
CRITICAL WARNING: [Common 17-55] 'set_property' expects at least one object. [C:/Users/lewic/Downloads/digilent-xdc/Basys-3-Master.xdc:33]
Resolution: If [get_<value>] was used to populate the object, check to make sure this command returns at least one valid object.
WARNING: [Vivado 12-584] No ports matched 'led[3]'. [C:/Users/lewic/Downloads/digilent-xdc/Basys-3-Master.xdc:34]
CRITICAL WARNING: [Common 17-55] 'set_property' expects at least one object. [C:/Users/lewic/Downloads/digilent-xdc/Basys-3-Master.xdc:34]
Resolution: If [get_<value>] was used to populate the object, check to make sure this command returns at least one valid object.
WARNING: [Vivado 12-584] No ports matched 'led[4]'. [C:/Users/lewic/Downloads/digilent-xdc/Basys-3-Master.xdc:35]
CRITICAL WARNING: [Common 17-55] 'set_property' expects at least one object. [C:/Users/lewic/Downloads/digilent-xdc/Basys-3-Master.xdc:35]
Resolution: If [get_<value>] was used to populate the object, check to make sure this command returns at least one valid object.
WARNING: [Vivado 12-584] No ports matched 'led[5]'. [C:/Users/lewic/Downloads/digilent-xdc/Basys-3-Master.xdc:36]
CRITICAL WARNING: [Common 17-55] 'set_property' expects at least one object. [C:/Users/lewic/Downloads/digilent-xdc/Basys-3-Master.xdc:36]
Resolution: If [get_<value>] was used to populate the object, check to make sure this command returns at least one valid object.
WARNING: [Vivado 12-584] No ports matched 'led[6]'. [C:/Users/lewic/Downloads/digilent-xdc/Basys-3-Master.xdc:37]
CRITICAL WARNING: [Common 17-55] 'set_property' expects at least one object. [C:/Users/lewic/Downloads/digilent-xdc/Basys-3-Master.xdc:37]
Resolution: If [get_<value>] was used to populate the object, check to make sure this command returns at least one valid object.
WARNING: [Vivado 12-584] No ports matched 'led[7]'. [C:/Users/lewic/Downloads/digilent-xdc/Basys-3-Master.xdc:38]
CRITICAL WARNING: [Common 17-55] 'set_property' expects at least one object. [C:/Users/lewic/Downloads/digilent-xdc/Basys-3-Master.xdc:38]
Resolution: If [get_<value>] was used to populate the object, check to make sure this command returns at least one valid object.
WARNING: [Vivado 12-584] No ports matched 'led[8]'. [C:/Users/lewic/Downloads/digilent-xdc/Basys-3-Master.xdc:39]
CRITICAL WARNING: [Common 17-55] 'set_property' expects at least one object. [C:/Users/lewic/Downloads/digilent-xdc/Basys-3-Master.xdc:39]
Resolution: If [get_<value>] was used to populate the object, check to make sure this command returns at least one valid object.
WARNING: [Vivado 12-584] No ports matched 'led[9]'. [C:/Users/lewic/Downloads/digilent-xdc/Basys-3-Master.xdc:40]
CRITICAL WARNING: [Common 17-55] 'set_property' expects at least one object. [C:/Users/lewic/Downloads/digilent-xdc/Basys-3-Master.xdc:40]
Resolution: If [get_<value>] was used to populate the object, check to make sure this command returns at least one valid object.
WARNING: [Vivado 12-584] No ports matched 'led[10]'. [C:/Users/lewic/Downloads/digilent-xdc/Basys-3-Master.xdc:41]
CRITICAL WARNING: [Common 17-55] 'set_property' expects at least one object. [C:/Users/lewic/Downloads/digilent-xdc/Basys-3-Master.xdc:41]
Resolution: If [get_<value>] was used to populate the object, check to make sure this command returns at least one valid object.
WARNING: [Vivado 12-584] No ports matched 'led[11]'. [C:/Users/lewic/Downloads/digilent-xdc/Basys-3-Master.xdc:42]
CRITICAL WARNING: [Common 17-55] 'set_property' expects at least one object. [C:/Users/lewic/Downloads/digilent-xdc/Basys-3-Master.xdc:42]
Resolution: If [get_<value>] was used to populate the object, check to make sure this command returns at least one valid object.
WARNING: [Vivado 12-584] No ports matched 'led[12]'. [C:/Users/lewic/Downloads/digilent-xdc/Basys-3-Master.xdc:43]
CRITICAL WARNING: [Common 17-55] 'set_property' expects at least one object. [C:/Users/lewic/Downloads/digilent-xdc/Basys-3-Master.xdc:43]
Resolution: If [get_<value>] was used to populate the object, check to make sure this command returns at least one valid object.
WARNING: [Vivado 12-584] No ports matched 'led[13]'. [C:/Users/lewic/Downloads/digilent-xdc/Basys-3-Master.xdc:44]
CRITICAL WARNING: [Common 17-55] 'set_property' expects at least one object. [C:/Users/lewic/Downloads/digilent-xdc/Basys-3-Master.xdc:44]
Resolution: If [get_<value>] was used to populate the object, check to make sure this command returns at least one valid object.
WARNING: [Vivado 12-584] No ports matched 'led[14]'. [C:/Users/lewic/Downloads/digilent-xdc/Basys-3-Master.xdc:45]
CRITICAL WARNING: [Common 17-55] 'set_property' expects at least one object. [C:/Users/lewic/Downloads/digilent-xdc/Basys-3-Master.xdc:45]
Resolution: If [get_<value>] was used to populate the object, check to make sure this command returns at least one valid object.
WARNING: [Vivado 12-584] No ports matched 'led[15]'. [C:/Users/lewic/Downloads/digilent-xdc/Basys-3-Master.xdc:46]
CRITICAL WARNING: [Common 17-55] 'set_property' expects at least one object. [C:/Users/lewic/Downloads/digilent-xdc/Basys-3-Master.xdc:46]
Resolution: If [get_<value>] was used to populate the object, check to make sure this command returns at least one valid object.
WARNING: [Vivado 12-584] No ports matched 'dp'. [C:/Users/lewic/Downloads/digilent-xdc/Basys-3-Master.xdc:58]
CRITICAL WARNING: [Common 17-55] 'set_property' expects at least one object. [C:/Users/lewic/Downloads/digilent-xdc/Basys-3-Master.xdc:58]
Resolution: If [get_<value>] was used to populate the object, check to make sure this command returns at least one valid object.
WARNING: [Vivado 12-584] No ports matched 'btnC'. [C:/Users/lewic/Downloads/digilent-xdc/Basys-3-Master.xdc:67]
CRITICAL WARNING: [Common 17-55] 'set_property' expects at least one object. [C:/Users/lewic/Downloads/digilent-xdc/Basys-3-Master.xdc:67]
Resolution: If [get_<value>] was used to populate the object, check to make sure this command returns at least one valid object.
WARNING: [Vivado 12-584] No ports matched 'btnU'. [C:/Users/lewic/Downloads/digilent-xdc/Basys-3-Master.xdc:68]
CRITICAL WARNING: [Common 17-55] 'set_property' expects at least one object. [C:/Users/lewic/Downloads/digilent-xdc/Basys-3-Master.xdc:68]
Resolution: If [get_<value>] was used to populate the object, check to make sure this command returns at least one valid object.
WARNING: [Vivado 12-584] No ports matched 'btnL'. [C:/Users/lewic/Downloads/digilent-xdc/Basys-3-Master.xdc:69]
CRITICAL WARNING: [Common 17-55] 'set_property' expects at least one object. [C:/Users/lewic/Downloads/digilent-xdc/Basys-3-Master.xdc:69]
Resolution: If [get_<value>] was used to populate the object, check to make sure this command returns at least one valid object.
WARNING: [Vivado 12-584] No ports matched 'btnR'. [C:/Users/lewic/Downloads/digilent-xdc/Basys-3-Master.xdc:70]
CRITICAL WARNING: [Common 17-55] 'set_property' expects at least one object. [C:/Users/lewic/Downloads/digilent-xdc/Basys-3-Master.xdc:70]
Resolution: If [get_<value>] was used to populate the object, check to make sure this command returns at least one valid object.
WARNING: [Vivado 12-584] No ports matched 'btnD'. [C:/Users/lewic/Downloads/digilent-xdc/Basys-3-Master.xdc:71]
CRITICAL WARNING: [Common 17-55] 'set_property' expects at least one object. [C:/Users/lewic/Downloads/digilent-xdc/Basys-3-Master.xdc:71]
Resolution: If [get_<value>] was used to populate the object, check to make sure this command returns at least one valid object.
WARNING: [Vivado 12-584] No ports matched 'JA[0]'. [C:/Users/lewic/Downloads/digilent-xdc/Basys-3-Master.xdc:75]
CRITICAL WARNING: [Common 17-55] 'set_property' expects at least one object. [C:/Users/lewic/Downloads/digilent-xdc/Basys-3-Master.xdc:75]
Resolution: If [get_<value>] was used to populate the object, check to make sure this command returns at least one valid object.
WARNING: [Vivado 12-584] No ports matched 'JA[1]'. [C:/Users/lewic/Downloads/digilent-xdc/Basys-3-Master.xdc:76]
CRITICAL WARNING: [Common 17-55] 'set_property' expects at least one object. [C:/Users/lewic/Downloads/digilent-xdc/Basys-3-Master.xdc:76]
Resolution: If [get_<value>] was used to populate the object, check to make sure this command returns at least one valid object.
WARNING: [Vivado 12-584] No ports matched 'JA[2]'. [C:/Users/lewic/Downloads/digilent-xdc/Basys-3-Master.xdc:77]
CRITICAL WARNING: [Common 17-55] 'set_property' expects at least one object. [C:/Users/lewic/Downloads/digilent-xdc/Basys-3-Master.xdc:77]
Resolution: If [get_<value>] was used to populate the object, check to make sure this command returns at least one valid object.
WARNING: [Vivado 12-584] No ports matched 'JA[3]'. [C:/Users/lewic/Downloads/digilent-xdc/Basys-3-Master.xdc:78]
CRITICAL WARNING: [Common 17-55] 'set_property' expects at least one object. [C:/Users/lewic/Downloads/digilent-xdc/Basys-3-Master.xdc:78]
Resolution: If [get_<value>] was used to populate the object, check to make sure this command returns at least one valid object.
WARNING: [Vivado 12-584] No ports matched 'JA[4]'. [C:/Users/lewic/Downloads/digilent-xdc/Basys-3-Master.xdc:79]
CRITICAL WARNING: [Common 17-55] 'set_property' expects at least one object. [C:/Users/lewic/Downloads/digilent-xdc/Basys-3-Master.xdc:79]
Resolution: If [get_<value>] was used to populate the object, check to make sure this command returns at least one valid object.
WARNING: [Vivado 12-584] No ports matched 'JA[5]'. [C:/Users/lewic/Downloads/digilent-xdc/Basys-3-Master.xdc:80]
CRITICAL WARNING: [Common 17-55] 'set_property' expects at least one object. [C:/Users/lewic/Downloads/digilent-xdc/Basys-3-Master.xdc:80]
Resolution: If [get_<value>] was used to populate the object, check to make sure this command returns at least one valid object.
WARNING: [Vivado 12-584] No ports matched 'JA[6]'. [C:/Users/lewic/Downloads/digilent-xdc/Basys-3-Master.xdc:81]
CRITICAL WARNING: [Common 17-55] 'set_property' expects at least one object. [C:/Users/lewic/Downloads/digilent-xdc/Basys-3-Master.xdc:81]
Resolution: If [get_<value>] was used to populate the object, check to make sure this command returns at least one valid object.
WARNING: [Vivado 12-584] No ports matched 'JA[7]'. [C:/Users/lewic/Downloads/digilent-xdc/Basys-3-Master.xdc:82]
CRITICAL WARNING: [Common 17-55] 'set_property' expects at least one object. [C:/Users/lewic/Downloads/digilent-xdc/Basys-3-Master.xdc:82]
Resolution: If [get_<value>] was used to populate the object, check to make sure this command returns at least one valid object.
WARNING: [Vivado 12-584] No ports matched 'JB[0]'. [C:/Users/lewic/Downloads/digilent-xdc/Basys-3-Master.xdc:85]
CRITICAL WARNING: [Common 17-55] 'set_property' expects at least one object. [C:/Users/lewic/Downloads/digilent-xdc/Basys-3-Master.xdc:85]
Resolution: If [get_<value>] was used to populate the object, check to make sure this command returns at least one valid object.
WARNING: [Vivado 12-584] No ports matched 'JB[1]'. [C:/Users/lewic/Downloads/digilent-xdc/Basys-3-Master.xdc:86]
CRITICAL WARNING: [Common 17-55] 'set_property' expects at least one object. [C:/Users/lewic/Downloads/digilent-xdc/Basys-3-Master.xdc:86]
Resolution: If [get_<value>] was used to populate the object, check to make sure this command returns at least one valid object.
WARNING: [Vivado 12-584] No ports matched 'JB[2]'. [C:/Users/lewic/Downloads/digilent-xdc/Basys-3-Master.xdc:87]
CRITICAL WARNING: [Common 17-55] 'set_property' expects at least one object. [C:/Users/lewic/Downloads/digilent-xdc/Basys-3-Master.xdc:87]
Resolution: If [get_<value>] was used to populate the object, check to make sure this command returns at least one valid object.
WARNING: [Vivado 12-584] No ports matched 'JB[3]'. [C:/Users/lewic/Downloads/digilent-xdc/Basys-3-Master.xdc:88]
CRITICAL WARNING: [Common 17-55] 'set_property' expects at least one object. [C:/Users/lewic/Downloads/digilent-xdc/Basys-3-Master.xdc:88]
Resolution: If [get_<value>] was used to populate the object, check to make sure this command returns at least one valid object.
WARNING: [Vivado 12-584] No ports matched 'JB[4]'. [C:/Users/lewic/Downloads/digilent-xdc/Basys-3-Master.xdc:89]
CRITICAL WARNING: [Common 17-55] 'set_property' expects at least one object. [C:/Users/lewic/Downloads/digilent-xdc/Basys-3-Master.xdc:89]
Resolution: If [get_<value>] was used to populate the object, check to make sure this command returns at least one valid object.
WARNING: [Vivado 12-584] No ports matched 'JB[5]'. [C:/Users/lewic/Downloads/digilent-xdc/Basys-3-Master.xdc:90]
CRITICAL WARNING: [Common 17-55] 'set_property' expects at least one object. [C:/Users/lewic/Downloads/digilent-xdc/Basys-3-Master.xdc:90]
Resolution: If [get_<value>] was used to populate the object, check to make sure this command returns at least one valid object.
WARNING: [Vivado 12-584] No ports matched 'JB[6]'. [C:/Users/lewic/Downloads/digilent-xdc/Basys-3-Master.xdc:91]
CRITICAL WARNING: [Common 17-55] 'set_property' expects at least one object. [C:/Users/lewic/Downloads/digilent-xdc/Basys-3-Master.xdc:91]
Resolution: If [get_<value>] was used to populate the object, check to make sure this command returns at least one valid object.
WARNING: [Vivado 12-584] No ports matched 'JB[7]'. [C:/Users/lewic/Downloads/digilent-xdc/Basys-3-Master.xdc:92]
CRITICAL WARNING: [Common 17-55] 'set_property' expects at least one object. [C:/Users/lewic/Downloads/digilent-xdc/Basys-3-Master.xdc:92]
Resolution: If [get_<value>] was used to populate the object, check to make sure this command returns at least one valid object.
WARNING: [Vivado 12-584] No ports matched 'JC[0]'. [C:/Users/lewic/Downloads/digilent-xdc/Basys-3-Master.xdc:95]
CRITICAL WARNING: [Common 17-55] 'set_property' expects at least one object. [C:/Users/lewic/Downloads/digilent-xdc/Basys-3-Master.xdc:95]
Resolution: If [get_<value>] was used to populate the object, check to make sure this command returns at least one valid object.
WARNING: [Vivado 12-584] No ports matched 'JC[1]'. [C:/Users/lewic/Downloads/digilent-xdc/Basys-3-Master.xdc:96]
CRITICAL WARNING: [Common 17-55] 'set_property' expects at least one object. [C:/Users/lewic/Downloads/digilent-xdc/Basys-3-Master.xdc:96]
Resolution: If [get_<value>] was used to populate the object, check to make sure this command returns at least one valid object.
WARNING: [Vivado 12-584] No ports matched 'JC[2]'. [C:/Users/lewic/Downloads/digilent-xdc/Basys-3-Master.xdc:97]
CRITICAL WARNING: [Common 17-55] 'set_property' expects at least one object. [C:/Users/lewic/Downloads/digilent-xdc/Basys-3-Master.xdc:97]
Resolution: If [get_<value>] was used to populate the object, check to make sure this command returns at least one valid object.
WARNING: [Vivado 12-584] No ports matched 'JC[3]'. [C:/Users/lewic/Downloads/digilent-xdc/Basys-3-Master.xdc:98]
CRITICAL WARNING: [Common 17-55] 'set_property' expects at least one object. [C:/Users/lewic/Downloads/digilent-xdc/Basys-3-Master.xdc:98]
Resolution: If [get_<value>] was used to populate the object, check to make sure this command returns at least one valid object.
WARNING: [Vivado 12-584] No ports matched 'JC[4]'. [C:/Users/lewic/Downloads/digilent-xdc/Basys-3-Master.xdc:99]
CRITICAL WARNING: [Common 17-55] 'set_property' expects at least one object. [C:/Users/lewic/Downloads/digilent-xdc/Basys-3-Master.xdc:99]
Resolution: If [get_<value>] was used to populate the object, check to make sure this command returns at least one valid object.
WARNING: [Vivado 12-584] No ports matched 'JC[5]'. [C:/Users/lewic/Downloads/digilent-xdc/Basys-3-Master.xdc:100]
CRITICAL WARNING: [Common 17-55] 'set_property' expects at least one object. [C:/Users/lewic/Downloads/digilent-xdc/Basys-3-Master.xdc:100]
Resolution: If [get_<value>] was used to populate the object, check to make sure this command returns at least one valid object.
WARNING: [Vivado 12-584] No ports matched 'JC[6]'. [C:/Users/lewic/Downloads/digilent-xdc/Basys-3-Master.xdc:101]
CRITICAL WARNING: [Common 17-55] 'set_property' expects at least one object. [C:/Users/lewic/Downloads/digilent-xdc/Basys-3-Master.xdc:101]
Resolution: If [get_<value>] was used to populate the object, check to make sure this command returns at least one valid object.
WARNING: [Vivado 12-584] No ports matched 'JC[7]'. [C:/Users/lewic/Downloads/digilent-xdc/Basys-3-Master.xdc:102]
CRITICAL WARNING: [Common 17-55] 'set_property' expects at least one object. [C:/Users/lewic/Downloads/digilent-xdc/Basys-3-Master.xdc:102]
Resolution: If [get_<value>] was used to populate the object, check to make sure this command returns at least one valid object.
WARNING: [Vivado 12-584] No ports matched 'JXADC[0]'. [C:/Users/lewic/Downloads/digilent-xdc/Basys-3-Master.xdc:105]
CRITICAL WARNING: [Common 17-55] 'set_property' expects at least one object. [C:/Users/lewic/Downloads/digilent-xdc/Basys-3-Master.xdc:105]
Resolution: If [get_<value>] was used to populate the object, check to make sure this command returns at least one valid object.
WARNING: [Vivado 12-584] No ports matched 'JXADC[1]'. [C:/Users/lewic/Downloads/digilent-xdc/Basys-3-Master.xdc:106]
CRITICAL WARNING: [Common 17-55] 'set_property' expects at least one object. [C:/Users/lewic/Downloads/digilent-xdc/Basys-3-Master.xdc:106]
Resolution: If [get_<value>] was used to populate the object, check to make sure this command returns at least one valid object.
WARNING: [Vivado 12-584] No ports matched 'JXADC[2]'. [C:/Users/lewic/Downloads/digilent-xdc/Basys-3-Master.xdc:107]
CRITICAL WARNING: [Common 17-55] 'set_property' expects at least one object. [C:/Users/lewic/Downloads/digilent-xdc/Basys-3-Master.xdc:107]
Resolution: If [get_<value>] was used to populate the object, check to make sure this command returns at least one valid object.
WARNING: [Vivado 12-584] No ports matched 'JXADC[3]'. [C:/Users/lewic/Downloads/digilent-xdc/Basys-3-Master.xdc:108]
CRITICAL WARNING: [Common 17-55] 'set_property' expects at least one object. [C:/Users/lewic/Downloads/digilent-xdc/Basys-3-Master.xdc:108]
Resolution: If [get_<value>] was used to populate the object, check to make sure this command returns at least one valid object.
WARNING: [Vivado 12-584] No ports matched 'JXADC[4]'. [C:/Users/lewic/Downloads/digilent-xdc/Basys-3-Master.xdc:109]
CRITICAL WARNING: [Common 17-55] 'set_property' expects at least one object. [C:/Users/lewic/Downloads/digilent-xdc/Basys-3-Master.xdc:109]
Resolution: If [get_<value>] was used to populate the object, check to make sure this command returns at least one valid object.
WARNING: [Vivado 12-584] No ports matched 'JXADC[5]'. [C:/Users/lewic/Downloads/digilent-xdc/Basys-3-Master.xdc:110]
CRITICAL WARNING: [Common 17-55] 'set_property' expects at least one object. [C:/Users/lewic/Downloads/digilent-xdc/Basys-3-Master.xdc:110]
Resolution: If [get_<value>] was used to populate the object, check to make sure this command returns at least one valid object.
WARNING: [Vivado 12-584] No ports matched 'JXADC[6]'. [C:/Users/lewic/Downloads/digilent-xdc/Basys-3-Master.xdc:111]
CRITICAL WARNING: [Common 17-55] 'set_property' expects at least one object. [C:/Users/lewic/Downloads/digilent-xdc/Basys-3-Master.xdc:111]
Resolution: If [get_<value>] was used to populate the object, check to make sure this command returns at least one valid object.
WARNING: [Vivado 12-584] No ports matched 'JXADC[7]'. [C:/Users/lewic/Downloads/digilent-xdc/Basys-3-Master.xdc:112]
CRITICAL WARNING: [Common 17-55] 'set_property' expects at least one object. [C:/Users/lewic/Downloads/digilent-xdc/Basys-3-Master.xdc:112]
Resolution: If [get_<value>] was used to populate the object, check to make sure this command returns at least one valid object.
WARNING: [Vivado 12-584] No ports matched 'vgaRed[0]'. [C:/Users/lewic/Downloads/digilent-xdc/Basys-3-Master.xdc:116]
CRITICAL WARNING: [Common 17-55] 'set_property' expects at least one object. [C:/Users/lewic/Downloads/digilent-xdc/Basys-3-Master.xdc:116]
Resolution: If [get_<value>] was used to populate the object, check to make sure this command returns at least one valid object.
WARNING: [Vivado 12-584] No ports matched 'vgaRed[1]'. [C:/Users/lewic/Downloads/digilent-xdc/Basys-3-Master.xdc:117]
CRITICAL WARNING: [Common 17-55] 'set_property' expects at least one object. [C:/Users/lewic/Downloads/digilent-xdc/Basys-3-Master.xdc:117]
Resolution: If [get_<value>] was used to populate the object, check to make sure this command returns at least one valid object.
WARNING: [Vivado 12-584] No ports matched 'vgaRed[2]'. [C:/Users/lewic/Downloads/digilent-xdc/Basys-3-Master.xdc:118]
CRITICAL WARNING: [Common 17-55] 'set_property' expects at least one object. [C:/Users/lewic/Downloads/digilent-xdc/Basys-3-Master.xdc:118]
Resolution: If [get_<value>] was used to populate the object, check to make sure this command returns at least one valid object.
WARNING: [Vivado 12-584] No ports matched 'vgaRed[3]'. [C:/Users/lewic/Downloads/digilent-xdc/Basys-3-Master.xdc:119]
CRITICAL WARNING: [Common 17-55] 'set_property' expects at least one object. [C:/Users/lewic/Downloads/digilent-xdc/Basys-3-Master.xdc:119]
Resolution: If [get_<value>] was used to populate the object, check to make sure this command returns at least one valid object.
WARNING: [Vivado 12-584] No ports matched 'vgaBlue[0]'. [C:/Users/lewic/Downloads/digilent-xdc/Basys-3-Master.xdc:120]
CRITICAL WARNING: [Common 17-55] 'set_property' expects at least one object. [C:/Users/lewic/Downloads/digilent-xdc/Basys-3-Master.xdc:120]
Resolution: If [get_<value>] was used to populate the object, check to make sure this command returns at least one valid object.
WARNING: [Vivado 12-584] No ports matched 'vgaBlue[1]'. [C:/Users/lewic/Downloads/digilent-xdc/Basys-3-Master.xdc:121]
CRITICAL WARNING: [Common 17-55] 'set_property' expects at least one object. [C:/Users/lewic/Downloads/digilent-xdc/Basys-3-Master.xdc:121]
Resolution: If [get_<value>] was used to populate the object, check to make sure this command returns at least one valid object.
WARNING: [Vivado 12-584] No ports matched 'vgaBlue[2]'. [C:/Users/lewic/Downloads/digilent-xdc/Basys-3-Master.xdc:122]
CRITICAL WARNING: [Common 17-55] 'set_property' expects at least one object. [C:/Users/lewic/Downloads/digilent-xdc/Basys-3-Master.xdc:122]
Resolution: If [get_<value>] was used to populate the object, check to make sure this command returns at least one valid object.
WARNING: [Vivado 12-584] No ports matched 'vgaBlue[3]'. [C:/Users/lewic/Downloads/digilent-xdc/Basys-3-Master.xdc:123]
CRITICAL WARNING: [Common 17-55] 'set_property' expects at least one object. [C:/Users/lewic/Downloads/digilent-xdc/Basys-3-Master.xdc:123]
Resolution: If [get_<value>] was used to populate the object, check to make sure this command returns at least one valid object.
WARNING: [Vivado 12-584] No ports matched 'vgaGreen[0]'. [C:/Users/lewic/Downloads/digilent-xdc/Basys-3-Master.xdc:124]
CRITICAL WARNING: [Common 17-55] 'set_property' expects at least one object. [C:/Users/lewic/Downloads/digilent-xdc/Basys-3-Master.xdc:124]
Resolution: If [get_<value>] was used to populate the object, check to make sure this command returns at least one valid object.
WARNING: [Vivado 12-584] No ports matched 'vgaGreen[1]'. [C:/Users/lewic/Downloads/digilent-xdc/Basys-3-Master.xdc:125]
CRITICAL WARNING: [Common 17-55] 'set_property' expects at least one object. [C:/Users/lewic/Downloads/digilent-xdc/Basys-3-Master.xdc:125]
Resolution: If [get_<value>] was used to populate the object, check to make sure this command returns at least one valid object.
WARNING: [Vivado 12-584] No ports matched 'vgaGreen[2]'. [C:/Users/lewic/Downloads/digilent-xdc/Basys-3-Master.xdc:126]
CRITICAL WARNING: [Common 17-55] 'set_property' expects at least one object. [C:/Users/lewic/Downloads/digilent-xdc/Basys-3-Master.xdc:126]
Resolution: If [get_<value>] was used to populate the object, check to make sure this command returns at least one valid object.
WARNING: [Vivado 12-584] No ports matched 'vgaGreen[3]'. [C:/Users/lewic/Downloads/digilent-xdc/Basys-3-Master.xdc:127]
CRITICAL WARNING: [Common 17-55] 'set_property' expects at least one object. [C:/Users/lewic/Downloads/digilent-xdc/Basys-3-Master.xdc:127]
Resolution: If [get_<value>] was used to populate the object, check to make sure this command returns at least one valid object.
WARNING: [Vivado 12-584] No ports matched 'Hsync'. [C:/Users/lewic/Downloads/digilent-xdc/Basys-3-Master.xdc:128]
CRITICAL WARNING: [Common 17-55] 'set_property' expects at least one object. [C:/Users/lewic/Downloads/digilent-xdc/Basys-3-Master.xdc:128]
Resolution: If [get_<value>] was used to populate the object, check to make sure this command returns at least one valid object.
WARNING: [Vivado 12-584] No ports matched 'Vsync'. [C:/Users/lewic/Downloads/digilent-xdc/Basys-3-Master.xdc:129]
CRITICAL WARNING: [Common 17-55] 'set_property' expects at least one object. [C:/Users/lewic/Downloads/digilent-xdc/Basys-3-Master.xdc:129]
Resolution: If [get_<value>] was used to populate the object, check to make sure this command returns at least one valid object.
WARNING: [Vivado 12-584] No ports matched 'RsRx'. [C:/Users/lewic/Downloads/digilent-xdc/Basys-3-Master.xdc:133]
CRITICAL WARNING: [Common 17-55] 'set_property' expects at least one object. [C:/Users/lewic/Downloads/digilent-xdc/Basys-3-Master.xdc:133]
Resolution: If [get_<value>] was used to populate the object, check to make sure this command returns at least one valid object.
WARNING: [Vivado 12-584] No ports matched 'RsTx'. [C:/Users/lewic/Downloads/digilent-xdc/Basys-3-Master.xdc:134]
CRITICAL WARNING: [Common 17-55] 'set_property' expects at least one object. [C:/Users/lewic/Downloads/digilent-xdc/Basys-3-Master.xdc:134]
Resolution: If [get_<value>] was used to populate the object, check to make sure this command returns at least one valid object.
WARNING: [Vivado 12-584] No ports matched 'PS2Clk'. [C:/Users/lewic/Downloads/digilent-xdc/Basys-3-Master.xdc:138]
CRITICAL WARNING: [Common 17-55] 'set_property' expects at least one object. [C:/Users/lewic/Downloads/digilent-xdc/Basys-3-Master.xdc:138]
Resolution: If [get_<value>] was used to populate the object, check to make sure this command returns at least one valid object.
WARNING: [Vivado 12-584] No ports matched 'PS2Data'. [C:/Users/lewic/Downloads/digilent-xdc/Basys-3-Master.xdc:139]
CRITICAL WARNING: [Common 17-55] 'set_property' expects at least one object. [C:/Users/lewic/Downloads/digilent-xdc/Basys-3-Master.xdc:139]
Resolution: If [get_<value>] was used to populate the object, check to make sure this command returns at least one valid object.
WARNING: [Vivado 12-584] No ports matched 'QspiDB[0]'. [C:/Users/lewic/Downloads/digilent-xdc/Basys-3-Master.xdc:145]
CRITICAL WARNING: [Common 17-55] 'set_property' expects at least one object. [C:/Users/lewic/Downloads/digilent-xdc/Basys-3-Master.xdc:145]
Resolution: If [get_<value>] was used to populate the object, check to make sure this command returns at least one valid object.
WARNING: [Vivado 12-584] No ports matched 'QspiDB[1]'. [C:/Users/lewic/Downloads/digilent-xdc/Basys-3-Master.xdc:146]
CRITICAL WARNING: [Common 17-55] 'set_property' expects at least one object. [C:/Users/lewic/Downloads/digilent-xdc/Basys-3-Master.xdc:146]
Resolution: If [get_<value>] was used to populate the object, check to make sure this command returns at least one valid object.
WARNING: [Vivado 12-584] No ports matched 'QspiDB[2]'. [C:/Users/lewic/Downloads/digilent-xdc/Basys-3-Master.xdc:147]
CRITICAL WARNING: [Common 17-55] 'set_property' expects at least one object. [C:/Users/lewic/Downloads/digilent-xdc/Basys-3-Master.xdc:147]
Resolution: If [get_<value>] was used to populate the object, check to make sure this command returns at least one valid object.
WARNING: [Vivado 12-584] No ports matched 'QspiDB[3]'. [C:/Users/lewic/Downloads/digilent-xdc/Basys-3-Master.xdc:148]
CRITICAL WARNING: [Common 17-55] 'set_property' expects at least one object. [C:/Users/lewic/Downloads/digilent-xdc/Basys-3-Master.xdc:148]
Resolution: If [get_<value>] was used to populate the object, check to make sure this command returns at least one valid object.
WARNING: [Vivado 12-584] No ports matched 'QspiCSn'. [C:/Users/lewic/Downloads/digilent-xdc/Basys-3-Master.xdc:149]
CRITICAL WARNING: [Common 17-55] 'set_property' expects at least one object. [C:/Users/lewic/Downloads/digilent-xdc/Basys-3-Master.xdc:149]
Resolution: If [get_<value>] was used to populate the object, check to make sure this command returns at least one valid object.
CRITICAL WARNING: [Designutils 20-1307] Command 'get_ports{debounced_button}' is not supported in the xdc constraint file. [C:/Users/lewic/Downloads/digilent-xdc/Basys-3-Master.xdc:162]
CRITICAL WARNING: [Common 17-69] Command failed: Invalid I/O Standard 'LYCMOS'. Default I/O Standard is used instead [C:/Users/lewic/Downloads/digilent-xdc/Basys-3-Master.xdc:163]
CRITICAL WARNING: [Common 17-69] Command failed: Invalid I/O Standard 'LYCMOS'. Default I/O Standard is used instead [C:/Users/lewic/Downloads/digilent-xdc/Basys-3-Master.xdc:164]
CRITICAL WARNING: [Common 17-69] Command failed: Invalid I/O Standard 'LYCMOS'. Default I/O Standard is used instead [C:/Users/lewic/Downloads/digilent-xdc/Basys-3-Master.xdc:165]
Finished Parsing XDC File [C:/Users/lewic/Downloads/digilent-xdc/Basys-3-Master.xdc]
INFO: [Project 1-236] Implementation specific constraints were found while reading constraint file [C:/Users/lewic/Downloads/digilent-xdc/Basys-3-Master.xdc]. These constraints will be ignored for synthesis but will be used in implementation. Impacted constraints are listed in the file [.Xil/Control_Unit_propImpl.xdc].
Resolution: To avoid this warning, move constraints listed in [.Xil/Control_Unit_propImpl.xdc] to another XDC file and exclude this new file from synthesis with the used_in_synthesis property (File Properties dialog in GUI) and re-run elaboration/synthesis.
Completed Processing XDC Constraints

Netlist sorting complete. Time (s): cpu = 00:00:00 ; elapsed = 00:00:00 . Memory (MB): peak = 1341.863 ; gain = 0.000
INFO: [Project 1-111] Unisim Transformation Summary:
No Unisim elements were transformed.

Constraint Validation Runtime : Time (s): cpu = 00:00:00 ; elapsed = 00:00:00.004 . Memory (MB): peak = 1341.863 ; gain = 0.000
INFO: [Synth 8-11241] undeclared symbol 'REGCCE', assumed default net type 'wire' [C:/Xilinx/Vivado/2022.2/data/verilog/src/unimacro/BRAM_SINGLE_MACRO.v:2170]
---------------------------------------------------------------------------------
Finished Constraint Validation : Time (s): cpu = 00:00:19 ; elapsed = 00:00:27 . Memory (MB): peak = 1341.863 ; gain = 557.141
---------------------------------------------------------------------------------
---------------------------------------------------------------------------------
Start Loading Part and Timing Information
---------------------------------------------------------------------------------
Loading part: xc7a35tcpg236-1
---------------------------------------------------------------------------------
Finished Loading Part and Timing Information : Time (s): cpu = 00:00:19 ; elapsed = 00:00:27 . Memory (MB): peak = 1341.863 ; gain = 557.141
---------------------------------------------------------------------------------
---------------------------------------------------------------------------------
Start Applying 'set_property' XDC Constraints
---------------------------------------------------------------------------------
---------------------------------------------------------------------------------
Finished applying 'set_property' XDC Constraints : Time (s): cpu = 00:00:19 ; elapsed = 00:00:27 . Memory (MB): peak = 1341.863 ; gain = 557.141
---------------------------------------------------------------------------------
INFO: [Synth 8-802] inferred FSM for state register 'state_reg' in module 'Button_Debouncer'
---------------------------------------------------------------------------------------------------
                   State |                     New Encoding |                Previous Encoding 
---------------------------------------------------------------------------------------------------
                    idle |                              001 |                               00
                wait_low |                              010 |                               01
               wait_high |                              100 |                               10
---------------------------------------------------------------------------------------------------
INFO: [Synth 8-3354] encoded FSM with state register 'state_reg' using encoding 'one-hot' in module 'Button_Debouncer'
---------------------------------------------------------------------------------
Finished RTL Optimization Phase 2 : Time (s): cpu = 00:00:20 ; elapsed = 00:00:27 . Memory (MB): peak = 1341.863 ; gain = 557.141
---------------------------------------------------------------------------------
---------------------------------------------------------------------------------
Start RTL Component Statistics 
---------------------------------------------------------------------------------
Detailed RTL Component Info : 
+---Adders : 
	   2 Input   31 Bit       Adders := 1     
	   2 Input   13 Bit       Adders := 1     
	   2 Input   10 Bit       Adders := 1     
	   3 Input    5 Bit       Adders := 1     
	   2 Input    4 Bit       Adders := 4     
	   3 Input    4 Bit       Adders := 1     
	   2 Input    2 Bit       Adders := 1     
+---Registers : 
	               31 Bit    Registers := 1     
	               16 Bit    Registers := 1     
	               13 Bit    Registers := 1     
	               10 Bit    Registers := 1     
	                4 Bit    Registers := 2     
	                2 Bit    Registers := 1     
	                1 Bit    Registers := 4     
+---Muxes : 
	   2 Input   16 Bit        Muxes := 1     
	   3 Input   13 Bit        Muxes := 1     
	   4 Input    4 Bit        Muxes := 2     
	   3 Input    1 Bit        Muxes := 5     
---------------------------------------------------------------------------------
Finished RTL Component Statistics 
---------------------------------------------------------------------------------
---------------------------------------------------------------------------------
Start Part Resource Summary
---------------------------------------------------------------------------------
Part Resources:
DSPs: 90 (col length:60)
BRAMs: 100 (col length: RAMB18 60 RAMB36 30)
---------------------------------------------------------------------------------
Finished Part Resource Summary
---------------------------------------------------------------------------------
---------------------------------------------------------------------------------
Start Cross Boundary and Area Optimization
---------------------------------------------------------------------------------
WARNING: [Synth 8-7080] Parallel synthesis criteria is not met
WARNING: [Synth 8-7129] Port counter_values[15] in module Control_Unit is either unconnected or has no load
WARNING: [Synth 8-7129] Port counter_values[14] in module Control_Unit is either unconnected or has no load
WARNING: [Synth 8-7129] Port counter_values[13] in module Control_Unit is either unconnected or has no load
WARNING: [Synth 8-7129] Port counter_values[12] in module Control_Unit is either unconnected or has no load
WARNING: [Synth 8-7129] Port counter_values[11] in module Control_Unit is either unconnected or has no load
WARNING: [Synth 8-7129] Port counter_values[10] in module Control_Unit is either unconnected or has no load
WARNING: [Synth 8-7129] Port counter_values[9] in module Control_Unit is either unconnected or has no load
WARNING: [Synth 8-7129] Port counter_values[8] in module Control_Unit is either unconnected or has no load
WARNING: [Synth 8-7129] Port counter_values[7] in module Control_Unit is either unconnected or has no load
WARNING: [Synth 8-7129] Port counter_values[6] in module Control_Unit is either unconnected or has no load
WARNING: [Synth 8-7129] Port counter_values[5] in module Control_Unit is either unconnected or has no load
WARNING: [Synth 8-7129] Port counter_values[4] in module Control_Unit is either unconnected or has no load
WARNING: [Synth 8-7129] Port counter_values[3] in module Control_Unit is either unconnected or has no load
WARNING: [Synth 8-7129] Port counter_values[2] in module Control_Unit is either unconnected or has no load
WARNING: [Synth 8-7129] Port counter_values[1] in module Control_Unit is either unconnected or has no load
WARNING: [Synth 8-7129] Port counter_values[0] in module Control_Unit is either unconnected or has no load
WARNING: [Synth 8-3332] Sequential element (btn_debouncer/FSM_onehot_state_reg[2]) is unused and will be removed from module Control_Unit.
WARNING: [Synth 8-3332] Sequential element (btn_debouncer/FSM_onehot_state_reg[1]) is unused and will be removed from module Control_Unit.
WARNING: [Synth 8-3332] Sequential element (btn_debouncer/FSM_onehot_state_reg[0]) is unused and will be removed from module Control_Unit.
---------------------------------------------------------------------------------
Finished Cross Boundary and Area Optimization : Time (s): cpu = 00:00:23 ; elapsed = 00:00:31 . Memory (MB): peak = 1341.863 ; gain = 557.141
---------------------------------------------------------------------------------
---------------------------------------------------------------------------------
Start Applying XDC Timing Constraints
---------------------------------------------------------------------------------
---------------------------------------------------------------------------------
Finished Applying XDC Timing Constraints : Time (s): cpu = 00:00:30 ; elapsed = 00:00:39 . Memory (MB): peak = 1341.863 ; gain = 557.141
---------------------------------------------------------------------------------
---------------------------------------------------------------------------------
Start Timing Optimization
---------------------------------------------------------------------------------
---------------------------------------------------------------------------------
Finished Timing Optimization : Time (s): cpu = 00:00:31 ; elapsed = 00:00:39 . Memory (MB): peak = 1341.863 ; gain = 557.141
---------------------------------------------------------------------------------
---------------------------------------------------------------------------------
Start Technology Mapping
---------------------------------------------------------------------------------
---------------------------------------------------------------------------------
Finished Technology Mapping : Time (s): cpu = 00:00:31 ; elapsed = 00:00:40 . Memory (MB): peak = 1341.863 ; gain = 557.141
---------------------------------------------------------------------------------
---------------------------------------------------------------------------------
Start IO Insertion
---------------------------------------------------------------------------------
---------------------------------------------------------------------------------
Start Flattening Before IO Insertion
---------------------------------------------------------------------------------
---------------------------------------------------------------------------------
Finished Flattening Before IO Insertion
---------------------------------------------------------------------------------
---------------------------------------------------------------------------------
Start Final Netlist Cleanup
---------------------------------------------------------------------------------
---------------------------------------------------------------------------------
Finished Final Netlist Cleanup
---------------------------------------------------------------------------------
---------------------------------------------------------------------------------
Finished IO Insertion : Time (s): cpu = 00:00:38 ; elapsed = 00:00:47 . Memory (MB): peak = 1341.863 ; gain = 557.141
---------------------------------------------------------------------------------
---------------------------------------------------------------------------------
Start Renaming Generated Instances
---------------------------------------------------------------------------------
---------------------------------------------------------------------------------
Finished Renaming Generated Instances : Time (s): cpu = 00:00:38 ; elapsed = 00:00:47 . Memory (MB): peak = 1341.863 ; gain = 557.141
---------------------------------------------------------------------------------
---------------------------------------------------------------------------------
Start Rebuilding User Hierarchy
---------------------------------------------------------------------------------
---------------------------------------------------------------------------------
Finished Rebuilding User Hierarchy : Time (s): cpu = 00:00:38 ; elapsed = 00:00:47 . Memory (MB): peak = 1341.863 ; gain = 557.141
---------------------------------------------------------------------------------
---------------------------------------------------------------------------------
Start Renaming Generated Ports
---------------------------------------------------------------------------------
---------------------------------------------------------------------------------
Finished Renaming Generated Ports : Time (s): cpu = 00:00:38 ; elapsed = 00:00:47 . Memory (MB): peak = 1341.863 ; gain = 557.141
---------------------------------------------------------------------------------
---------------------------------------------------------------------------------
Start Handling Custom Attributes
---------------------------------------------------------------------------------
---------------------------------------------------------------------------------
Finished Handling Custom Attributes : Time (s): cpu = 00:00:38 ; elapsed = 00:00:47 . Memory (MB): peak = 1341.863 ; gain = 557.141
---------------------------------------------------------------------------------
---------------------------------------------------------------------------------
Start Renaming Generated Nets
---------------------------------------------------------------------------------
---------------------------------------------------------------------------------
Finished Renaming Generated Nets : Time (s): cpu = 00:00:38 ; elapsed = 00:00:47 . Memory (MB): peak = 1341.863 ; gain = 557.141
---------------------------------------------------------------------------------
---------------------------------------------------------------------------------
Start Writing Synthesis Report
---------------------------------------------------------------------------------

Report BlackBoxes: 
+-+--------------+----------+
| |BlackBox name |Instances |
+-+--------------+----------+
+-+--------------+----------+

Report Cell Usage: 
+------+-------+------+
|      |Cell   |Count |
+------+-------+------+
|1     |BUFG   |     1|
|2     |CARRY4 |    46|
|3     |LUT1   |    33|
|4     |LUT2   |    73|
|5     |LUT3   |    77|
|6     |LUT4   |    24|
|7     |LUT5   |    15|
|8     |LUT6   |    55|
|9     |FDCE   |    46|
|10    |FDRE   |     2|
|11    |IBUF   |     7|
|12    |OBUF   |    12|
+------+-------+------+
---------------------------------------------------------------------------------
Finished Writing Synthesis Report : Time (s): cpu = 00:00:38 ; elapsed = 00:00:47 . Memory (MB): peak = 1341.863 ; gain = 557.141
---------------------------------------------------------------------------------
Synthesis finished with 0 errors, 0 critical warnings and 20 warnings.
Synthesis Optimization Runtime : Time (s): cpu = 00:00:26 ; elapsed = 00:00:42 . Memory (MB): peak = 1341.863 ; gain = 496.895
Synthesis Optimization Complete : Time (s): cpu = 00:00:38 ; elapsed = 00:00:47 . Memory (MB): peak = 1341.863 ; gain = 557.141
INFO: [Project 1-571] Translating synthesized netlist
Netlist sorting complete. Time (s): cpu = 00:00:00 ; elapsed = 00:00:00.006 . Memory (MB): peak = 1341.863 ; gain = 0.000
INFO: [Netlist 29-17] Analyzing 46 Unisim elements for replacement
INFO: [Netlist 29-28] Unisim Transformation completed in 0 CPU seconds
INFO: [Project 1-570] Preparing netlist for logic optimization
INFO: [Opt 31-138] Pushed 0 inverter(s) to 0 load pin(s).
Netlist sorting complete. Time (s): cpu = 00:00:00 ; elapsed = 00:00:00 . Memory (MB): peak = 1341.863 ; gain = 0.000
INFO: [Project 1-111] Unisim Transformation Summary:
No Unisim elements were transformed.

Synth Design complete, checksum: 7dcea571
INFO: [Common 17-83] Releasing license: Synthesis
34 Infos, 130 Warnings, 97 Critical Warnings and 0 Errors encountered.
synth_design completed successfully
synth_design: Time (s): cpu = 00:00:44 ; elapsed = 00:01:04 . Memory (MB): peak = 1341.863 ; gain = 955.742
INFO: [runtcl-6] Synthesis results are not added to the cache due to CRITICAL_WARNING
INFO: [Common 17-1381] The checkpoint 'C:/Users/lewic/OneDrive/Documents/GitHub/VHDLproject/CONTENTMENT BUTTONS.runs/synth_1/Control_Unit.dcp' has been generated.
INFO: [runtcl-4] Executing : report_utilization -file Control_Unit_utilization_synth.rpt -pb Control_Unit_utilization_synth.pb
INFO: [Common 17-206] Exiting Vivado at Fri Mar 31 00:17:12 2023...
